# JRE version: Java(TM) SE Runtime Environment (23.0.1+11) (build 23.0.1+11-39)
# Java VM: Java HotSpot(TM) 64-Bit Server VM (23.0.1+11-39, mixed mode, emulated-client, sharing, tiered, compressed oops, compressed class ptrs, g1 gc, windows-amd64)
GC Precious Log:
 CardTable entry size: 512
 Card Set container configuration: InlinePtr #cards 5 size 8 Array Of Cards #cards 10 size 36 Howl #buckets 4 coarsen threshold 1843 Howl Bitmap #cards 512 size 80 coarsen threshold 460 Card regions per heap region 1 cards per card region 2048
 CPUs: 4 total, 4 available
 Memory: 8076M
 Large Page Support: Disabled
 NUMA Support: Disabled
 Compressed Oops: Enabled (32-bit)
 Heap Region Size: 1M
 Heap Min Capacity: 8M
 Heap Initial Capacity: 128M
 Heap Max Capacity: 2020M
 Pre-touch: Disabled
 Parallel Workers: 4
 Concurrent Workers: 1
 Concurrent Refinement Workers: 4
 Periodic GC: Disabled
Heap:
 garbage-first heap   total reserved 2068480K, committed 73728K, used 50488K [0x0000000081c00000, 0x0000000100000000)
  region size 1024K, 21 young (21504K), 2 survivors (2048K)
 Metaspace       used 74552K, committed 75328K, reserved 1114112K
  class space    used 10832K, committed 11136K, reserved 1048576K
GC Heap History (20 events):
Event: 5.340 GC heap before
{Heap before GC invocations=8 (full 0):
 garbage-first heap   total reserved 2068480K, committed 51200K, used 40402K [0x0000000081c00000, 0x0000000100000000)
  region size 1024K, 23 young (23552K), 3 survivors (3072K)
 Metaspace       used 34165K, committed 34752K, reserved 1114112K
  class space    used 4817K, committed 5056K, reserved 1048576K
}
Event: 5.346 GC heap after
{Heap after GC invocations=9 (full 0):
 garbage-first heap   total reserved 2068480K, committed 61440K, used 21075K [0x0000000081c00000, 0x0000000100000000)
  region size 1024K, 2 young (2048K), 2 survivors (2048K)
 Metaspace       used 34165K, committed 34752K, reserved 1114112K
  class space    used 4817K, committed 5056K, reserved 1048576K
}
Event: 5.479 GC heap before
{Heap before GC invocations=9 (full 0):
 garbage-first heap   total reserved 2068480K, committed 61440K, used 25171K [0x0000000081c00000, 0x0000000100000000)
  region size 1024K, 8 young (8192K), 2 survivors (2048K)
 Metaspace       used 35706K, committed 36288K, reserved 1114112K
  class space    used 5066K, committed 5312K, reserved 1048576K
}
Event: 5.483 GC heap after
{Heap after GC invocations=10 (full 0):
 garbage-first heap   total reserved 2068480K, committed 61440K, used 21226K [0x0000000081c00000, 0x0000000100000000)
  region size 1024K, 2 young (2048K), 2 survivors (2048K)
 Metaspace       used 35706K, committed 36288K, reserved 1114112K
  class space    used 5066K, committed 5312K, reserved 1048576K
}
Event: 6.376 GC heap before
{Heap before GC invocations=11 (full 0):
 garbage-first heap   total reserved 2068480K, committed 61440K, used 49898K [0x0000000081c00000, 0x0000000100000000)
  region size 1024K, 30 young (30720K), 2 survivors (2048K)
 Metaspace       used 45756K, committed 46400K, reserved 1114112K
  class space    used 6480K, committed 6784K, reserved 1048576K
}
Event: 6.382 GC heap after
{Heap after GC invocations=12 (full 0):
 garbage-first heap   total reserved 2068480K, committed 61440K, used 23788K [0x0000000081c00000, 0x0000000100000000)
  region size 1024K, 4 young (4096K), 4 survivors (4096K)
 Metaspace       used 45756K, committed 46400K, reserved 1114112K
  class space    used 6480K, committed 6784K, reserved 1048576K
}
Event: 6.995 GC heap before
{Heap before GC invocations=12 (full 0):
 garbage-first heap   total reserved 2068480K, committed 61440K, used 49388K [0x0000000081c00000, 0x0000000100000000)
  region size 1024K, 30 young (30720K), 4 survivors (4096K)
 Metaspace       used 52205K, committed 52800K, reserved 1114112K
  class space    used 7455K, committed 7744K, reserved 1048576K
}
Event: 7.002 GC heap after
{Heap after GC invocations=13 (full 0):
 garbage-first heap   total reserved 2068480K, committed 61440K, used 25585K [0x0000000081c00000, 0x0000000100000000)
  region size 1024K, 2 young (2048K), 2 survivors (2048K)
 Metaspace       used 52205K, committed 52800K, reserved 1114112K
  class space    used 7455K, committed 7744K, reserved 1048576K
}
Event: 7.616 GC heap before
{Heap before GC invocations=13 (full 0):
 garbage-first heap   total reserved 2068480K, committed 61440K, used 51185K [0x0000000081c00000, 0x0000000100000000)
  region size 1024K, 28 young (28672K), 2 survivors (2048K)
 Metaspace       used 58925K, committed 59584K, reserved 1114112K
  class space    used 8511K, committed 8768K, reserved 1048576K
}
Event: 7.620 GC heap after
{Heap after GC invocations=14 (full 0):
 garbage-first heap   total reserved 2068480K, committed 61440K, used 26508K [0x0000000081c00000, 0x0000000100000000)
  region size 1024K, 3 young (3072K), 3 survivors (3072K)
 Metaspace       used 58925K, committed 59584K, reserved 1114112K
  class space    used 8511K, committed 8768K, reserved 1048576K
}
Event: 7.802 GC heap before
{Heap before GC invocations=14 (full 0):
 garbage-first heap   total reserved 2068480K, committed 61440K, used 32652K [0x0000000081c00000, 0x0000000100000000)
  region size 1024K, 11 young (11264K), 3 survivors (3072K)
 Metaspace       used 60428K, committed 61120K, reserved 1114112K
  class space    used 8704K, committed 9024K, reserved 1048576K
}
Event: 7.807 GC heap after
{Heap after GC invocations=15 (full 0):
 garbage-first heap   total reserved 2068480K, committed 61440K, used 27293K [0x0000000081c00000, 0x0000000100000000)
  region size 1024K, 2 young (2048K), 2 survivors (2048K)
 Metaspace       used 60428K, committed 61120K, reserved 1114112K
  class space    used 8704K, committed 9024K, reserved 1048576K
}
Event: 8.449 GC heap before
{Heap before GC invocations=16 (full 0):
 garbage-first heap   total reserved 2068480K, committed 61440K, used 54941K [0x0000000081c00000, 0x0000000100000000)
  region size 1024K, 29 young (29696K), 2 survivors (2048K)
 Metaspace       used 64087K, committed 64768K, reserved 1114112K
  class space    used 9287K, committed 9536K, reserved 1048576K
}
Event: 8.455 GC heap after
{Heap after GC invocations=17 (full 0):
 garbage-first heap   total reserved 2068480K, committed 61440K, used 29224K [0x0000000081c00000, 0x0000000100000000)
  region size 1024K, 4 young (4096K), 4 survivors (4096K)
 Metaspace       used 64087K, committed 64768K, reserved 1114112K
  class space    used 9287K, committed 9536K, reserved 1048576K
}
Event: 8.970 GC heap before
{Heap before GC invocations=17 (full 0):
 garbage-first heap   total reserved 2068480K, committed 61440K, used 53800K [0x0000000081c00000, 0x0000000100000000)
  region size 1024K, 28 young (28672K), 4 survivors (4096K)
 Metaspace       used 67222K, committed 67904K, reserved 1114112K
  class space    used 9783K, committed 10048K, reserved 1048576K
}
Event: 8.980 GC heap after
{Heap after GC invocations=18 (full 0):
 garbage-first heap   total reserved 2068480K, committed 61440K, used 31082K [0x0000000081c00000, 0x0000000100000000)
  region size 1024K, 4 young (4096K), 4 survivors (4096K)
 Metaspace       used 67222K, committed 67904K, reserved 1114112K
  class space    used 9783K, committed 10048K, reserved 1048576K
}
Event: 42.023 GC heap before
{Heap before GC invocations=18 (full 0):
 garbage-first heap   total reserved 2068480K, committed 61440K, used 52586K [0x0000000081c00000, 0x0000000100000000)
  region size 1024K, 26 young (26624K), 4 survivors (4096K)
 Metaspace       used 70908K, committed 71616K, reserved 1114112K
  class space    used 10337K, committed 10624K, reserved 1048576K
}
Event: 42.032 GC heap after
{Heap after GC invocations=19 (full 0):
 garbage-first heap   total reserved 2068480K, committed 73728K, used 33006K [0x0000000081c00000, 0x0000000100000000)
  region size 1024K, 2 young (2048K), 2 survivors (2048K)
 Metaspace       used 70908K, committed 71616K, reserved 1114112K
  class space    used 10337K, committed 10624K, reserved 1048576K
}
Event: 107.841 GC heap before
{Heap before GC invocations=19 (full 0):
 garbage-first heap   total reserved 2068480K, committed 73728K, used 64750K [0x0000000081c00000, 0x0000000100000000)
  region size 1024K, 34 young (34816K), 2 survivors (2048K)
 Metaspace       used 74409K, committed 75200K, reserved 1114112K
  class space    used 10801K, committed 11136K, reserved 1048576K
}
Event: 108.142 GC heap after
{Heap after GC invocations=20 (full 0):
 garbage-first heap   total reserved 2068480K, committed 73728K, used 33080K [0x0000000081c00000, 0x0000000100000000)
  region size 1024K, 2 young (2048K), 2 survivors (2048K)
 Metaspace       used 74409K, committed 75200K, reserved 1114112K
  class space    used 10801K, committed 11136K, reserved 1048576K
}

