# JRE version: Java(TM) SE Runtime Environment (23.0.1+11) (build 23.0.1+11-39)
# Java VM: Java HotSpot(TM) 64-Bit Server VM (23.0.1+11-39, mixed mode, emulated-client, sharing, tiered, compressed oops, compressed class ptrs, g1 gc, windows-amd64)
GC Precious Log:
 CardTable entry size: 512
 Card Set container configuration: InlinePtr #cards 5 size 8 Array Of Cards #cards 10 size 36 Howl #buckets 4 coarsen threshold 1843 Howl Bitmap #cards 512 size 80 coarsen threshold 460 Card regions per heap region 1 cards per card region 2048
 CPUs: 4 total, 4 available
 Memory: 8076M
 Large Page Support: Disabled
 NUMA Support: Disabled
 Compressed Oops: Enabled (32-bit)
 Heap Region Size: 1M
 Heap Min Capacity: 8M
 Heap Initial Capacity: 128M
 Heap Max Capacity: 2020M
 Pre-touch: Disabled
 Parallel Workers: 4
 Concurrent Workers: 1
 Concurrent Refinement Workers: 4
 Periodic GC: Disabled
Heap:
 garbage-first heap   total reserved 2068480K, committed 61440K, used 51357K [0x0000000081c00000, 0x0000000100000000)
  region size 1024K, 21 young (21504K), 2 survivors (2048K)
 Metaspace       used 74199K, committed 75200K, reserved 1114112K
  class space    used 10745K, committed 11136K, reserved 1048576K
GC Heap History (20 events):
Event: 5.392 GC heap before
{Heap before GC invocations=8 (full 0):
 garbage-first heap   total reserved 2068480K, committed 51200K, used 40495K [0x0000000081c00000, 0x0000000100000000)
  region size 1024K, 23 young (23552K), 3 survivors (3072K)
 Metaspace       used 34391K, committed 34944K, reserved 1114112K
  class space    used 4855K, committed 5120K, reserved 1048576K
}
Event: 5.399 GC heap after
{Heap after GC invocations=9 (full 0):
 garbage-first heap   total reserved 2068480K, committed 51200K, used 21157K [0x0000000081c00000, 0x0000000100000000)
  region size 1024K, 2 young (2048K), 2 survivors (2048K)
 Metaspace       used 34391K, committed 34944K, reserved 1114112K
  class space    used 4855K, committed 5120K, reserved 1048576K
}
Event: 5.555 GC heap before
{Heap before GC invocations=9 (full 0):
 garbage-first heap   total reserved 2068480K, committed 51200K, used 26277K [0x0000000081c00000, 0x0000000100000000)
  region size 1024K, 8 young (8192K), 2 survivors (2048K)
 Metaspace       used 35909K, committed 36416K, reserved 1114112K
  class space    used 5109K, committed 5312K, reserved 1048576K
}
Event: 5.558 GC heap after
{Heap after GC invocations=10 (full 0):
 garbage-first heap   total reserved 2068480K, committed 61440K, used 21478K [0x0000000081c00000, 0x0000000100000000)
  region size 1024K, 2 young (2048K), 2 survivors (2048K)
 Metaspace       used 35909K, committed 36416K, reserved 1114112K
  class space    used 5109K, committed 5312K, reserved 1048576K
}
Event: 6.631 GC heap before
{Heap before GC invocations=11 (full 0):
 garbage-first heap   total reserved 2068480K, committed 61440K, used 49126K [0x0000000081c00000, 0x0000000100000000)
  region size 1024K, 29 young (29696K), 2 survivors (2048K)
 Metaspace       used 45769K, committed 46464K, reserved 1114112K
  class space    used 6479K, committed 6784K, reserved 1048576K
}
Event: 6.637 GC heap after
{Heap after GC invocations=12 (full 0):
 garbage-first heap   total reserved 2068480K, committed 61440K, used 24032K [0x0000000081c00000, 0x0000000100000000)
  region size 1024K, 4 young (4096K), 4 survivors (4096K)
 Metaspace       used 45769K, committed 46464K, reserved 1114112K
  class space    used 6479K, committed 6784K, reserved 1048576K
}
Event: 7.327 GC heap before
{Heap before GC invocations=12 (full 0):
 garbage-first heap   total reserved 2068480K, committed 61440K, used 49632K [0x0000000081c00000, 0x0000000100000000)
  region size 1024K, 30 young (30720K), 4 survivors (4096K)
 Metaspace       used 52281K, committed 52864K, reserved 1114112K
  class space    used 7480K, committed 7744K, reserved 1048576K
}
Event: 7.335 GC heap after
{Heap after GC invocations=13 (full 0):
 garbage-first heap   total reserved 2068480K, committed 61440K, used 25712K [0x0000000081c00000, 0x0000000100000000)
  region size 1024K, 2 young (2048K), 2 survivors (2048K)
 Metaspace       used 52281K, committed 52864K, reserved 1114112K
  class space    used 7480K, committed 7744K, reserved 1048576K
}
Event: 8.015 GC heap before
{Heap before GC invocations=13 (full 0):
 garbage-first heap   total reserved 2068480K, committed 61440K, used 52336K [0x0000000081c00000, 0x0000000100000000)
  region size 1024K, 28 young (28672K), 2 survivors (2048K)
 Metaspace       used 58921K, committed 59584K, reserved 1114112K
  class space    used 8510K, committed 8768K, reserved 1048576K
}
Event: 8.020 GC heap after
{Heap after GC invocations=14 (full 0):
 garbage-first heap   total reserved 2068480K, committed 61440K, used 26709K [0x0000000081c00000, 0x0000000100000000)
  region size 1024K, 3 young (3072K), 3 survivors (3072K)
 Metaspace       used 58921K, committed 59584K, reserved 1114112K
  class space    used 8510K, committed 8768K, reserved 1048576K
}
Event: 8.251 GC heap before
{Heap before GC invocations=14 (full 0):
 garbage-first heap   total reserved 2068480K, committed 61440K, used 35925K [0x0000000081c00000, 0x0000000100000000)
  region size 1024K, 13 young (13312K), 3 survivors (3072K)
 Metaspace       used 60571K, committed 61248K, reserved 1114112K
  class space    used 8713K, committed 9024K, reserved 1048576K
}
Event: 8.257 GC heap after
{Heap after GC invocations=15 (full 0):
 garbage-first heap   total reserved 2068480K, committed 61440K, used 27538K [0x0000000081c00000, 0x0000000100000000)
  region size 1024K, 2 young (2048K), 2 survivors (2048K)
 Metaspace       used 60571K, committed 61248K, reserved 1114112K
  class space    used 8713K, committed 9024K, reserved 1048576K
}
Event: 8.946 GC heap before
{Heap before GC invocations=16 (full 0):
 garbage-first heap   total reserved 2068480K, committed 61440K, used 55186K [0x0000000081c00000, 0x0000000100000000)
  region size 1024K, 29 young (29696K), 2 survivors (2048K)
 Metaspace       used 64609K, committed 65344K, reserved 1114112K
  class space    used 9372K, committed 9664K, reserved 1048576K
}
Event: 8.953 GC heap after
{Heap after GC invocations=17 (full 0):
 garbage-first heap   total reserved 2068480K, committed 61440K, used 29646K [0x0000000081c00000, 0x0000000100000000)
  region size 1024K, 4 young (4096K), 4 survivors (4096K)
 Metaspace       used 64609K, committed 65344K, reserved 1114112K
  class space    used 9372K, committed 9664K, reserved 1048576K
}
Event: 9.521 GC heap before
{Heap before GC invocations=17 (full 0):
 garbage-first heap   total reserved 2068480K, committed 61440K, used 54222K [0x0000000081c00000, 0x0000000100000000)
  region size 1024K, 28 young (28672K), 4 survivors (4096K)
 Metaspace       used 67468K, committed 68160K, reserved 1114112K
  class space    used 9822K, committed 10112K, reserved 1048576K
}
Event: 9.532 GC heap after
{Heap after GC invocations=18 (full 0):
 garbage-first heap   total reserved 2068480K, committed 61440K, used 31471K [0x0000000081c00000, 0x0000000100000000)
  region size 1024K, 4 young (4096K), 4 survivors (4096K)
 Metaspace       used 67468K, committed 68160K, reserved 1114112K
  class space    used 9822K, committed 10112K, reserved 1048576K
}
Event: 50.143 GC heap before
{Heap before GC invocations=18 (full 0):
 garbage-first heap   total reserved 2068480K, committed 61440K, used 52975K [0x0000000081c00000, 0x0000000100000000)
  region size 1024K, 26 young (26624K), 4 survivors (4096K)
 Metaspace       used 71615K, committed 72320K, reserved 1114112K
  class space    used 10446K, committed 10752K, reserved 1048576K
}
Event: 50.152 GC heap after
{Heap after GC invocations=19 (full 0):
 garbage-first heap   total reserved 2068480K, committed 61440K, used 32954K [0x0000000081c00000, 0x0000000100000000)
  region size 1024K, 2 young (2048K), 2 survivors (2048K)
 Metaspace       used 71615K, committed 72320K, reserved 1114112K
  class space    used 10446K, committed 10752K, reserved 1048576K
}
Event: 87.514 GC heap before
{Heap before GC invocations=19 (full 0):
 garbage-first heap   total reserved 2068480K, committed 61440K, used 54458K [0x0000000081c00000, 0x0000000100000000)
  region size 1024K, 24 young (24576K), 2 survivors (2048K)
 Metaspace       used 74391K, committed 75136K, reserved 1114112K
  class space    used 10798K, committed 11136K, reserved 1048576K
}
Event: 87.536 GC heap after
{Heap after GC invocations=20 (full 0):
 garbage-first heap   total reserved 2068480K, committed 61440K, used 32925K [0x0000000081c00000, 0x0000000100000000)
  region size 1024K, 2 young (2048K), 2 survivors (2048K)
 Metaspace       used 74391K, committed 75136K, reserved 1114112K
  class space    used 10798K, committed 11136K, reserved 1048576K
}

